<?xml version="1.0" encoding="UTF-8"?>
<!-- Generated by org.testng.reporters.JUnitReportReporter -->
<testsuite skipped="0" hostname="DESKTOP-BCACTEM" name="gridtest.test1" tests="4" failures="0" timestamp="2020-07-11T20:10:11 IST" time="112.862" errors="0">
  <testcase name="test2firefox" time="75.209" classname="gridtest.test1"/>
  <system-out/>
  <testcase name="testmethod1" time="0.011" classname="gridtest.test1"/>
  <system-out/>
  <testcase name="testmethod1" time="0.000" classname="gridtest.test1"/>
  <system-out/>
  <testcase name="test2firefox" time="37.642" classname="gridtest.test1"/>
  <system-out/>
</testsuite> <!-- gridtest.test1 -->
