<?xml version="1.0" encoding="UTF-8"?>
<!-- Generated by org.testng.reporters.JUnitReportReporter -->
<testsuite skipped="0" hostname="DESKTOP-BCACTEM" name="gridtest.multiplebrowser" tests="4" failures="0" timestamp="2020-07-11T18:50:59 IST" time="86.480" errors="0">
  <testcase name="browser" time="0.000" classname="gridtest.multiplebrowser"/>
  <system-out/>
  <testcase name="parallelbrowser" time="67.929" classname="gridtest.multiplebrowser"/>
  <system-out/>
  <testcase name="browser" time="18.535" classname="gridtest.multiplebrowser"/>
  <system-out/>
  <testcase name="parallelbrowser" time="0.016" classname="gridtest.multiplebrowser"/>
  <system-out/>
</testsuite> <!-- gridtest.multiplebrowser -->
